#
# There is insufficient memory for the Java Runtime Environment to continue.
# Native memory allocation (malloc) failed to allocate 1048576 bytes for AllocateHeap
# Possible reasons:
#   The system is out of physical RAM or swap space
#   In 32 bit mode, the process size limit was hit
# Possible solutions:
#   Reduce memory load on the system
#   Increase physical memory or swap space
#   Check if swap backing store is full
#   Use 64 bit Java on a 64 bit OS
#   Decrease Java heap size (-Xmx/-Xms)
#   Decrease number of Java threads
#   Decrease Java thread stack sizes (-Xss)
#   Set larger code cache with -XX:ReservedCodeCacheSize=
# This output file may be truncated or incomplete.
#
#  Out of Memory Error (memory/allocation.inline.hpp:61), pid=11776, tid=0x0000000000004200
#
# JRE version:  (8.0_121-b13) (build )
# Java VM: Java HotSpot(TM) 64-Bit Server VM (25.121-b13 mixed mode windows-amd64 compressed oops)
# Failed to write core dump. Minidumps are not enabled by default on client versions of Windows
#

---------------  T H R E A D  ---------------

Current thread (0x0000000002540800):  JavaThread "Unknown thread" [_thread_in_vm, id=16896, stack(0x0000000002100000,0x0000000002200000)]

Stack: [0x0000000002100000,0x0000000002200000]
[error occurred during error reporting (printing stack bounds), id 0xc0000005]

Native frames: (J=compiled Java code, j=interpreted, Vv=VM code, C=native code)


---------------  P R O C E S S  ---------------

Java Threads: ( => current thread )

Other Threads:

=>0x0000000002540800 (exited) JavaThread "Unknown thread" [_thread_in_vm, id=16896, stack(0x0000000002100000,0x0000000002200000)]

VM state:not at safepoint (normal execution)

VM Mutex/Monitor currently owned by a thread: None

Heap:
 PSYoungGen      total 38400K, used 665K [0x00000000d5c00000, 0x00000000d8680000, 0x0000000100000000)
  eden space 33280K, 2% used [0x00000000d5c00000,0x00000000d5ca6670,0x00000000d7c80000)
  from space 5120K, 0% used [0x00000000d8180000,0x00000000d8180000,0x00000000d8680000)
  to   space 5120K, 0% used [0x00000000d7c80000,0x00000000d7c80000,0x00000000d8180000)
 ParOldGen       total 87552K, used 0K [0x0000000081400000, 0x0000000086980000, 0x00000000d5c00000)
  object space 87552K, 0% used [0x0000000081400000,0x0000000081400000,0x0000000086980000)
 Metaspace       used 746K, capacity 4480K, committed 4480K, reserved 1056768K
  class space    used 75K, capacity 384K, committed 384K, reserved 1048576K

Card table byte_map: [0x0000000011a00000,0x0000000011e00000] byte_map_base: 0x00000000115f6000

Marking Bits: (ParMarkBitMap*) 0x0000000071feb6d0
 Begin Bits: [0x00000000124b0000, 0x0000000014460000)
 End Bits:   [0x0000000014460000, 0x0000000016410000)

Polling page: 0x0000000002020000

CodeCache: size=245760Kb used=328Kb max_used=328Kb free=245431Kb
 bounds [0x0000000002640000, 0x00000000028b0000, 0x0000000011640000]
 total_blobs=58 nmethods=0 adapters=38
 compilation: enabled

Compilation events (0 events):
No events

GC Heap History (0 events):
No events

Deoptimization events (0 events):
No events

Internal exceptions (0 events):
No events

Events (10 events):
Event: 0.032 loading class java/lang/Short
Event: 0.032 loading class java/lang/Short done
Event: 0.032 loading class java/lang/Integer
Event: 0.032 loading class java/lang/Integer done
Event: 0.032 loading class java/lang/Long
Event: 0.032 loading class java/lang/Long done
Event: 0.033 loading class java/lang/NullPointerException
Event: 0.033 loading class java/lang/NullPointerException done
Event: 0.033 loading class java/lang/ArithmeticException
Event: 0.033 loading class java/lang/ArithmeticException done


Dynamic libraries:
0x000007f661a80000 - 0x000007f661ab7000 	C:\Program Files\java\jre1.8.0_121\bin\javaw.exe
0x000007fa84740000 - 0x000007fa848fd000 	C:\Windows\SYSTEM32\ntdll.dll
0x000007fa83dc0000 - 0x000007fa83ef7000 	C:\Windows\system32\KERNEL32.DLL
0x000007fa81800000 - 0x000007fa818f4000 	C:\Windows\system32\KERNELBASE.dll
0x000007fa834a0000 - 0x000007fa8357e000 	C:\Windows\system32\ADVAPI32.dll
0x000007fa835d0000 - 0x000007fa8371c000 	C:\Windows\system32\USER32.dll
0x000007fa7edc0000 - 0x000007fa7f02a000 	C:\Windows\WinSxS\amd64_microsoft.windows.common-controls_6595b64144ccf1df_6.0.9200.17359_none_4188b989718cf1c6\COMCTL32.dll
0x000007fa81d70000 - 0x000007fa81e15000 	C:\Windows\system32\msvcrt.dll
0x000007fa81d20000 - 0x000007fa81d68000 	C:\Windows\SYSTEM32\sechost.dll
0x000007fa83fb0000 - 0x000007fa840f5000 	C:\Windows\system32\RPCRT4.dll
0x000007fa83720000 - 0x000007fa83861000 	C:\Windows\system32\GDI32.dll
0x000007fa81ef0000 - 0x000007fa81f29000 	C:\Windows\system32\IMM32.DLL
0x000007fa84100000 - 0x000007fa84215000 	C:\Windows\system32\MSCTF.dll
0x0000000070b50000 - 0x0000000070c22000 	C:\Program Files\java\jre1.8.0_121\bin\msvcr100.dll
0x00000000717d0000 - 0x000000007206b000 	C:\Program Files\java\jre1.8.0_121\bin\server\jvm.dll
0x000007fa77bc0000 - 0x000007fa77bc9000 	C:\Windows\SYSTEM32\WSOCK32.dll
0x000007fa7a250000 - 0x000007fa7a270000 	C:\Windows\SYSTEM32\WINMM.dll
0x000007fa76170000 - 0x000007fa76179000 	C:\Windows\SYSTEM32\VERSION.dll
0x000007fa84560000 - 0x000007fa84567000 	C:\Windows\system32\PSAPI.DLL
0x000007fa83d60000 - 0x000007fa83db8000 	C:\Windows\system32\WS2_32.dll
0x000007fa7a0e0000 - 0x000007fa7a113000 	C:\Windows\SYSTEM32\WINMMBASE.dll
0x000007fa83aa0000 - 0x000007fa83aa9000 	C:\Windows\system32\NSI.dll
0x000007fa81680000 - 0x000007fa816cf000 	C:\Windows\SYSTEM32\cfgmgr32.dll
0x000007fa81900000 - 0x000007fa81922000 	C:\Windows\system32\DEVOBJ.dll
0x00000000717c0000 - 0x00000000717cf000 	C:\Program Files\java\jre1.8.0_121\bin\verify.dll
0x0000000071790000 - 0x00000000717b9000 	C:\Program Files\java\jre1.8.0_121\bin\java.dll
0x0000000071770000 - 0x0000000071786000 	C:\Program Files\java\jre1.8.0_121\bin\zip.dll

VM Arguments:
jvm_args: -Dfile.encoding=Cp1252 
java_command: Project.MainFrame
java_class_path (initial): D:\Java Programs\Project\bin
Launcher Type: SUN_STANDARD

Environment Variables:
PATH=C:/Program Files/Java/jre1.8.0_121/bin/server;C:/Program Files/Java/jre1.8.0_121/bin;C:/Program Files/Java/jre1.8.0_121/lib/amd64;C:\ProgramData\Oracle\Java\javapath;C:\Program Files (x86)\ActiveState Komodo Edit 8\;C:\Program Files (x86)\ActiveState Komodo Edit 6\;C:\Program Files\MATLAB\R2012a\runtime\win64;C:\Program Files\MATLAB\R2012a\bin;C:\Program Files (x86)\ActiveState Komodo IDE 9\;C:\Windows\system32;C:\Windows;C:\Windows\System32\Wbem;C:\Windows\System32\WindowsPowerShell\v1.0\;C:\Program Files (x86)\AMD\ATI.ACE\Core-Static;C:\Program Files\Intel\WiFi\bin\;C:\Program Files\Common Files\Intel\WirelessCommon\;C:\Program Files\bin;C:\Program Files\bin\win64;C:\Program Files\Microsoft SQL Server\110\Tools\Binn\;C:\Program Files (x86)\Brackets\command;C:\Program Files\java\jdk1.8.0_121\bin;C:\Program Files\java\jdk1.8.0_121\bin;E:\Programming\programs\eclipse-java-luna-R-win32-x86_64\eclipse;
USERNAME=select1
OS=Windows_NT
PROCESSOR_IDENTIFIER=Intel64 Family 6 Model 61 Stepping 4, GenuineIntel



---------------  S Y S T E M  ---------------

OS: Windows 8 , 64 bit Build 9200 (6.2.9200.16859)

CPU:total 4 (2 cores per cpu, 2 threads per core) family 6 model 61 stepping 4, cmov, cx8, fxsr, mmx, sse, sse2, sse3, ssse3, sse4.1, sse4.2, popcnt, avx, avx2, aes, clmul, erms, 3dnowpref, lzcnt, ht, tsc, tscinvbit, bmi1, bmi2, adx

Memory: 4k page, physical 8305600k(2093176k free), swap 33471424k(5620k free)

vm_info: Java HotSpot(TM) 64-Bit Server VM (25.121-b13) for windows-amd64 JRE (1.8.0_121-b13), built on Dec 12 2016 18:21:36 by "java_re" with MS VC++ 10.0 (VS2010)

time: Mon Mar 13 20:27:16 2017
elapsed time: 0 seconds (0d 0h 0m 0s)

